
*** Running vivado
    with args -log Cronometro.vds -m64 -product Vivado -mode batch -messageDb vivado.pb -notrace -source Cronometro.tcl


ECHO disattivato.
ECHO disattivato.

****** Vivado v2023.1 (64-bit)
  **** SW Build 3865809 on Sun May  7 15:05:29 MDT 2023
  **** IP Build 3864474 on Sun May  7 20:36:21 MDT 2023
  **** SharedData Build 3865790 on Sun May 07 13:33:03 MDT 2023
    ** Copyright 1986-2022 Xilinx, Inc. All Rights Reserved.
    ** Copyright 2022-2023 Advanced Micro Devices, Inc. All Rights Reserved.

source Cronometro.tcl -notrace
create_project: Time (s): cpu = 00:00:05 ; elapsed = 00:00:07 . Memory (MB): peak = 432.594 ; gain = 169.270
Command: read_checkpoint -auto_incremental -incremental C:/Users/mauro/Desktop/CRONOMETRO/Cronometro/Cronometro.srcs/utils_1/imports/synth_1/cont_mod_N.dcp
INFO: [Vivado 12-5825] Read reference checkpoint from C:/Users/mauro/Desktop/CRONOMETRO/Cronometro/Cronometro.srcs/utils_1/imports/synth_1/cont_mod_N.dcp for incremental synthesis
INFO: [Vivado 12-7989] Please ensure there are no constraint changes
Command: synth_design -top Cronometro -part xc7a12ticsg325-1L
Starting synth_design
Attempting to get a license for feature 'Synthesis' and/or device 'xc7a12ti'
INFO: [Common 17-349] Got license for feature 'Synthesis' and/or device 'xc7a12ti'
INFO: [Synth 8-7079] Multithreading enabled for synth_design using a maximum of 2 processes.
INFO: [Synth 8-7078] Launching helper process for spawning children vivado processes
INFO: [Synth 8-7075] Helper process launched with PID 16532
---------------------------------------------------------------------------------
Starting Synthesize : Time (s): cpu = 00:00:05 ; elapsed = 00:00:07 . Memory (MB): peak = 875.676 ; gain = 410.422
---------------------------------------------------------------------------------
INFO: [Synth 8-638] synthesizing module 'Cronometro' [C:/Users/mauro/Desktop/CRONOMETRO/Cronometro/Cronometro.srcs/sources_1/new/Cronometro.vhd:18]
	Parameter N bound to: 60 - type: integer 
INFO: [Synth 8-3491] module 'cont_mod_N' declared at 'C:/Users/mauro/Desktop/CRONOMETRO/Cronometro/Cronometro.srcs/sources_1/new/cont_mod_N.vhd:36' bound to instance 'cont_s' of component 'Cont_mod_N' [C:/Users/mauro/Desktop/CRONOMETRO/Cronometro/Cronometro.srcs/sources_1/new/Cronometro.vhd:37]
INFO: [Synth 8-638] synthesizing module 'cont_mod_N' [C:/Users/mauro/Desktop/CRONOMETRO/Cronometro/Cronometro.srcs/sources_1/new/cont_mod_N.vhd:49]
	Parameter N bound to: 60 - type: integer 
WARNING: [Synth 8-614] signal 'I' is read in the process but is not in the sensitivity list [C:/Users/mauro/Desktop/CRONOMETRO/Cronometro/Cronometro.srcs/sources_1/new/cont_mod_N.vhd:51]
INFO: [Synth 8-256] done synthesizing module 'cont_mod_N' (0#1) [C:/Users/mauro/Desktop/CRONOMETRO/Cronometro/Cronometro.srcs/sources_1/new/cont_mod_N.vhd:49]
	Parameter N bound to: 60 - type: integer 
INFO: [Synth 8-3491] module 'cont_mod_N' declared at 'C:/Users/mauro/Desktop/CRONOMETRO/Cronometro/Cronometro.srcs/sources_1/new/cont_mod_N.vhd:36' bound to instance 'cont_m' of component 'Cont_mod_N' [C:/Users/mauro/Desktop/CRONOMETRO/Cronometro/Cronometro.srcs/sources_1/new/Cronometro.vhd:52]
	Parameter N bound to: 24 - type: integer 
INFO: [Synth 8-3491] module 'cont_mod_N' declared at 'C:/Users/mauro/Desktop/CRONOMETRO/Cronometro/Cronometro.srcs/sources_1/new/cont_mod_N.vhd:36' bound to instance 'cont_h' of component 'Cont_mod_N' [C:/Users/mauro/Desktop/CRONOMETRO/Cronometro/Cronometro.srcs/sources_1/new/Cronometro.vhd:67]
INFO: [Synth 8-638] synthesizing module 'cont_mod_N__parameterized0' [C:/Users/mauro/Desktop/CRONOMETRO/Cronometro/Cronometro.srcs/sources_1/new/cont_mod_N.vhd:49]
	Parameter N bound to: 24 - type: integer 
WARNING: [Synth 8-614] signal 'I' is read in the process but is not in the sensitivity list [C:/Users/mauro/Desktop/CRONOMETRO/Cronometro/Cronometro.srcs/sources_1/new/cont_mod_N.vhd:51]
INFO: [Synth 8-256] done synthesizing module 'cont_mod_N__parameterized0' (0#1) [C:/Users/mauro/Desktop/CRONOMETRO/Cronometro/Cronometro.srcs/sources_1/new/cont_mod_N.vhd:49]
INFO: [Synth 8-256] done synthesizing module 'Cronometro' (0#1) [C:/Users/mauro/Desktop/CRONOMETRO/Cronometro/Cronometro.srcs/sources_1/new/Cronometro.vhd:18]
---------------------------------------------------------------------------------
Finished Synthesize : Time (s): cpu = 00:00:07 ; elapsed = 00:00:09 . Memory (MB): peak = 964.598 ; gain = 499.344
---------------------------------------------------------------------------------
---------------------------------------------------------------------------------
Finished Constraint Validation : Time (s): cpu = 00:00:07 ; elapsed = 00:00:10 . Memory (MB): peak = 964.598 ; gain = 499.344
---------------------------------------------------------------------------------
---------------------------------------------------------------------------------
Start Loading Part and Timing Information
---------------------------------------------------------------------------------
Loading part: xc7a12ticsg325-1L
---------------------------------------------------------------------------------
Finished Loading Part and Timing Information : Time (s): cpu = 00:00:07 ; elapsed = 00:00:10 . Memory (MB): peak = 964.598 ; gain = 499.344
---------------------------------------------------------------------------------
INFO: [Device 21-403] Loading part xc7a12ticsg325-1L
---------------------------------------------------------------------------------
Start Preparing Guide Design
---------------------------------------------------------------------------------
CRITICAL WARNING: [Synth 8-6895] The reference checkpoint C:/Users/mauro/Desktop/CRONOMETRO/Cronometro/Cronometro.srcs/utils_1/imports/synth_1/cont_mod_N.dcp is not suitable for use with incremental synthesis for this design. Please regenerate the checkpoint for this design with -incremental_synth switch in the same Vivado session that synth_design has been run. Synthesis will continue with the default flow
---------------------------------------------------------------------------------
Finished Doing Graph Differ : Time (s): cpu = 00:00:07 ; elapsed = 00:00:10 . Memory (MB): peak = 964.598 ; gain = 499.344
---------------------------------------------------------------------------------
---------------------------------------------------------------------------------
Finished Preparing Guide Design : Time (s): cpu = 00:00:07 ; elapsed = 00:00:10 . Memory (MB): peak = 964.598 ; gain = 499.344
---------------------------------------------------------------------------------
---------------------------------------------------------------------------------
Finished RTL Optimization Phase 2 : Time (s): cpu = 00:00:07 ; elapsed = 00:00:10 . Memory (MB): peak = 964.598 ; gain = 499.344
---------------------------------------------------------------------------------


Incremental Synthesis Report Summary:

1. Incremental synthesis run: no

   Reason for not running incremental synthesis : 


INFO: [Synth 8-7130] Flow is switching to default flow due to incremental criteria not met. If you would like to alter this behaviour and have the flow terminate instead, please set the following parameter config_implementation {autoIncr.Synth.RejectBehavior Terminate}
No constraint files found.
---------------------------------------------------------------------------------
Start RTL Component Statistics 
---------------------------------------------------------------------------------
Detailed RTL Component Info : 
+---Adders : 
	   2 Input    6 Bit       Adders := 4     
	   2 Input    5 Bit       Adders := 2     
+---Registers : 
	                6 Bit    Registers := 4     
	                5 Bit    Registers := 2     
	                1 Bit    Registers := 3     
+---Muxes : 
	   2 Input    6 Bit        Muxes := 16    
	   2 Input    5 Bit        Muxes := 8     
	   2 Input    1 Bit        Muxes := 15    
---------------------------------------------------------------------------------
Finished RTL Component Statistics 
---------------------------------------------------------------------------------
---------------------------------------------------------------------------------
Start Part Resource Summary
---------------------------------------------------------------------------------
Part Resources:
DSPs: 40 (col length:40)
BRAMs: 40 (col length: RAMB18 40 RAMB36 20)
---------------------------------------------------------------------------------
Finished Part Resource Summary
---------------------------------------------------------------------------------
No constraint files found.
---------------------------------------------------------------------------------
Start Cross Boundary and Area Optimization
---------------------------------------------------------------------------------
WARNING: [Synth 8-7080] Parallel synthesis criteria is not met
---------------------------------------------------------------------------------
Finished Cross Boundary and Area Optimization : Time (s): cpu = 00:00:12 ; elapsed = 00:00:18 . Memory (MB): peak = 1148.945 ; gain = 683.691
---------------------------------------------------------------------------------
No constraint files found.
---------------------------------------------------------------------------------
Start Timing Optimization
---------------------------------------------------------------------------------
---------------------------------------------------------------------------------
Finished Timing Optimization : Time (s): cpu = 00:00:12 ; elapsed = 00:00:18 . Memory (MB): peak = 1148.945 ; gain = 683.691
---------------------------------------------------------------------------------
---------------------------------------------------------------------------------
Start Technology Mapping
---------------------------------------------------------------------------------
---------------------------------------------------------------------------------
Finished Technology Mapping : Time (s): cpu = 00:00:12 ; elapsed = 00:00:18 . Memory (MB): peak = 1148.945 ; gain = 683.691
---------------------------------------------------------------------------------
---------------------------------------------------------------------------------
Start IO Insertion
---------------------------------------------------------------------------------
---------------------------------------------------------------------------------
Start Flattening Before IO Insertion
---------------------------------------------------------------------------------
---------------------------------------------------------------------------------
Finished Flattening Before IO Insertion
---------------------------------------------------------------------------------
---------------------------------------------------------------------------------
Start Final Netlist Cleanup
---------------------------------------------------------------------------------
---------------------------------------------------------------------------------
Finished Final Netlist Cleanup
---------------------------------------------------------------------------------
---------------------------------------------------------------------------------
Finished IO Insertion : Time (s): cpu = 00:00:17 ; elapsed = 00:00:24 . Memory (MB): peak = 1148.945 ; gain = 683.691
---------------------------------------------------------------------------------
---------------------------------------------------------------------------------
Start Renaming Generated Instances
---------------------------------------------------------------------------------
---------------------------------------------------------------------------------
Finished Renaming Generated Instances : Time (s): cpu = 00:00:17 ; elapsed = 00:00:24 . Memory (MB): peak = 1148.945 ; gain = 683.691
---------------------------------------------------------------------------------
---------------------------------------------------------------------------------
Start Rebuilding User Hierarchy
---------------------------------------------------------------------------------
---------------------------------------------------------------------------------
Finished Rebuilding User Hierarchy : Time (s): cpu = 00:00:17 ; elapsed = 00:00:24 . Memory (MB): peak = 1148.945 ; gain = 683.691
---------------------------------------------------------------------------------
---------------------------------------------------------------------------------
Start Renaming Generated Ports
---------------------------------------------------------------------------------
---------------------------------------------------------------------------------
Finished Renaming Generated Ports : Time (s): cpu = 00:00:17 ; elapsed = 00:00:24 . Memory (MB): peak = 1148.945 ; gain = 683.691
---------------------------------------------------------------------------------
---------------------------------------------------------------------------------
Start Handling Custom Attributes
---------------------------------------------------------------------------------
---------------------------------------------------------------------------------
Finished Handling Custom Attributes : Time (s): cpu = 00:00:17 ; elapsed = 00:00:24 . Memory (MB): peak = 1148.945 ; gain = 683.691
---------------------------------------------------------------------------------
---------------------------------------------------------------------------------
Start Renaming Generated Nets
---------------------------------------------------------------------------------
---------------------------------------------------------------------------------
Finished Renaming Generated Nets : Time (s): cpu = 00:00:17 ; elapsed = 00:00:24 . Memory (MB): peak = 1148.945 ; gain = 683.691
---------------------------------------------------------------------------------
---------------------------------------------------------------------------------
Start Writing Synthesis Report
---------------------------------------------------------------------------------

Report BlackBoxes: 
+-+--------------+----------+
| |BlackBox name |Instances |
+-+--------------+----------+
+-+--------------+----------+

Report Cell Usage: 
+------+-----+------+
|      |Cell |Count |
+------+-----+------+
|1     |BUFG |     1|
|2     |LUT2 |     1|
|3     |LUT3 |    84|
|4     |LUT4 |    17|
|5     |LUT5 |    48|
|6     |LUT6 |    25|
|7     |FDCE |    37|
|8     |FDPE |    37|
|9     |LDC  |    37|
|10    |IBUF |    12|
|11    |OBUF |    18|
+------+-----+------+

Report Instance Areas: 
+------+---------+---------------------------+------+
|      |Instance |Module                     |Cells |
+------+---------+---------------------------+------+
|1     |top      |                           |   317|
|2     |  cont_h |cont_mod_N__parameterized0 |    84|
|3     |  cont_m |cont_mod_N                 |   103|
|4     |  cont_s |cont_mod_N_0               |    99|
+------+---------+---------------------------+------+
---------------------------------------------------------------------------------
Finished Writing Synthesis Report : Time (s): cpu = 00:00:17 ; elapsed = 00:00:24 . Memory (MB): peak = 1148.945 ; gain = 683.691
---------------------------------------------------------------------------------
Synthesis finished with 0 errors, 1 critical warnings and 3 warnings.
Synthesis Optimization Runtime : Time (s): cpu = 00:00:17 ; elapsed = 00:00:24 . Memory (MB): peak = 1148.945 ; gain = 683.691
Synthesis Optimization Complete : Time (s): cpu = 00:00:17 ; elapsed = 00:00:24 . Memory (MB): peak = 1148.945 ; gain = 683.691
INFO: [Project 1-571] Translating synthesized netlist
Netlist sorting complete. Time (s): cpu = 00:00:00 ; elapsed = 00:00:00.002 . Memory (MB): peak = 1156.750 ; gain = 0.000
INFO: [Netlist 29-17] Analyzing 37 Unisim elements for replacement
INFO: [Netlist 29-28] Unisim Transformation completed in 0 CPU seconds
INFO: [Project 1-570] Preparing netlist for logic optimization
INFO: [Opt 31-138] Pushed 0 inverter(s) to 0 load pin(s).
Netlist sorting complete. Time (s): cpu = 00:00:00 ; elapsed = 00:00:00 . Memory (MB): peak = 1248.348 ; gain = 0.000
INFO: [Project 1-111] Unisim Transformation Summary:
  A total of 37 instances were transformed.
  LDC => LDCE: 37 instances

Synth Design complete | Checksum: e7d28ee2
INFO: [Common 17-83] Releasing license: Synthesis
24 Infos, 3 Warnings, 1 Critical Warnings and 0 Errors encountered.
synth_design completed successfully
synth_design: Time (s): cpu = 00:00:19 ; elapsed = 00:00:26 . Memory (MB): peak = 1248.348 ; gain = 791.902
INFO: [runtcl-6] Synthesis results are not added to the cache due to CRITICAL_WARNING
INFO: [Common 17-1381] The checkpoint 'C:/Users/mauro/Desktop/CRONOMETRO/Cronometro/Cronometro.runs/synth_1/Cronometro.dcp' has been generated.
INFO: [runtcl-4] Executing : report_utilization -file Cronometro_utilization_synth.rpt -pb Cronometro_utilization_synth.pb
INFO: [Common 17-206] Exiting Vivado at Thu Apr  3 11:15:44 2025...
