
*** Running vivado
    with args -log sistema_complessivo.vds -m64 -product Vivado -mode batch -messageDb vivado.pb -notrace -source sistema_complessivo.tcl


ECHO disattivato.
ECHO disattivato.

****** Vivado v2023.2 (64-bit)
  **** SW Build 4029153 on Fri Oct 13 20:14:34 MDT 2023
  **** IP Build 4028589 on Sat Oct 14 00:45:43 MDT 2023
  **** SharedData Build 4025554 on Tue Oct 10 17:18:54 MDT 2023
    ** Copyright 1986-2022 Xilinx, Inc. All Rights Reserved.
    ** Copyright 2022-2023 Advanced Micro Devices, Inc. All Rights Reserved.

source sistema_complessivo.tcl -notrace
create_project: Time (s): cpu = 00:00:08 ; elapsed = 00:00:17 . Memory (MB): peak = 512.609 ; gain = 216.848
Command: read_checkpoint -auto_incremental -incremental D:/esercizio_12/12_2_provaDicembre_A_lento/12_2_provaDicembre_A_lento.srcs/utils_1/imports/synth_1/sistema_complessivo.dcp
INFO: [Vivado 12-5825] Read reference checkpoint from D:/esercizio_12/12_2_provaDicembre_A_lento/12_2_provaDicembre_A_lento.srcs/utils_1/imports/synth_1/sistema_complessivo.dcp for incremental synthesis
INFO: [Vivado 12-7989] Please ensure there are no constraint changes
Command: synth_design -top sistema_complessivo -part xc7a100tcsg324-1
Starting synth_design
Attempting to get a license for feature 'Synthesis' and/or device 'xc7a100t'
INFO: [Common 17-349] Got license for feature 'Synthesis' and/or device 'xc7a100t'
WARNING: [Vivado_Tcl 4-1809] The reference checkpoint is from an old version of Vivado; A full resynthesis flow will be run
INFO: [Designutils 20-5440] No compile time benefit to using incremental synthesis; A full resynthesis will be run
INFO: [Designutils 20-4379] Flow is switching to default flow due to incremental criteria not met. If you would like to alter this behaviour and have the flow terminate instead, please set the following parameter config_implementation {autoIncr.Synth.RejectBehavior Terminate}
INFO: [Synth 8-7079] Multithreading enabled for synth_design using a maximum of 2 processes.
INFO: [Synth 8-7078] Launching helper process for spawning children vivado processes
INFO: [Synth 8-7075] Helper process launched with PID 20224
---------------------------------------------------------------------------------
Starting Synthesize : Time (s): cpu = 00:00:07 ; elapsed = 00:00:14 . Memory (MB): peak = 1368.520 ; gain = 410.051
---------------------------------------------------------------------------------
INFO: [Synth 8-638] synthesizing module 'sistema_complessivo' [D:/esercizio_12/12_2_provaDicembre_A_lento/12_2_provaDicembre_A_lento.srcs/sources_1/imports/new/sistema_complessivo.vhd:14]
INFO: [Synth 8-3491] module 'sistema_a' declared at 'D:/esercizio_12/12_2_provaDicembre_A_lento/12_2_provaDicembre_A_lento.srcs/sources_1/imports/new/sistema_a.vhd:13' bound to instance 'inst_SISTEMA_A' of component 'sistema_a' [D:/esercizio_12/12_2_provaDicembre_A_lento/12_2_provaDicembre_A_lento.srcs/sources_1/imports/new/sistema_complessivo.vhd:46]
INFO: [Synth 8-638] synthesizing module 'sistema_a' [D:/esercizio_12/12_2_provaDicembre_A_lento/12_2_provaDicembre_A_lento.srcs/sources_1/imports/new/sistema_a.vhd:22]
INFO: [Synth 8-3491] module 'unita_controllo_a' declared at 'D:/esercizio_12/12_2_provaDicembre_A_lento/12_2_provaDicembre_A_lento.srcs/sources_1/imports/new/unita_controllo_A.vhd:5' bound to instance 'CU' of component 'unita_controllo_a' [D:/esercizio_12/12_2_provaDicembre_A_lento/12_2_provaDicembre_A_lento.srcs/sources_1/imports/new/sistema_a.vhd:68]
INFO: [Synth 8-638] synthesizing module 'unita_controllo_a' [D:/esercizio_12/12_2_provaDicembre_A_lento/12_2_provaDicembre_A_lento.srcs/sources_1/imports/new/unita_controllo_A.vhd:19]
WARNING: [Synth 8-614] signal 'count' is read in the process but is not in the sensitivity list [D:/esercizio_12/12_2_provaDicembre_A_lento/12_2_provaDicembre_A_lento.srcs/sources_1/imports/new/unita_controllo_A.vhd:37]
INFO: [Synth 8-256] done synthesizing module 'unita_controllo_a' (0#1) [D:/esercizio_12/12_2_provaDicembre_A_lento/12_2_provaDicembre_A_lento.srcs/sources_1/imports/new/unita_controllo_A.vhd:19]
INFO: [Synth 8-3491] module 'ROM' declared at 'D:/esercizio_12/12_2_provaDicembre_A_lento/12_2_provaDicembre_A_lento.srcs/sources_1/imports/new/Rom_8_4.vhd:5' bound to instance 'ROM_8_4' of component 'ROM' [D:/esercizio_12/12_2_provaDicembre_A_lento/12_2_provaDicembre_A_lento.srcs/sources_1/imports/new/sistema_a.vhd:80]
INFO: [Synth 8-638] synthesizing module 'ROM' [D:/esercizio_12/12_2_provaDicembre_A_lento/12_2_provaDicembre_A_lento.srcs/sources_1/imports/new/Rom_8_4.vhd:14]
INFO: [Synth 8-256] done synthesizing module 'ROM' (0#1) [D:/esercizio_12/12_2_provaDicembre_A_lento/12_2_provaDicembre_A_lento.srcs/sources_1/imports/new/Rom_8_4.vhd:14]
	Parameter m bound to: 8 - type: integer 
	Parameter n bound to: 3 - type: integer 
INFO: [Synth 8-3491] module 'counter' declared at 'D:/esercizio_12/12_2_provaDicembre_A_lento/12_2_provaDicembre_A_lento.srcs/sources_1/imports/new/contatore_mod_8.vhd:5' bound to instance 'CNT_MOD_8' of component 'counter' [D:/esercizio_12/12_2_provaDicembre_A_lento/12_2_provaDicembre_A_lento.srcs/sources_1/imports/new/sistema_a.vhd:89]
INFO: [Synth 8-638] synthesizing module 'counter' [D:/esercizio_12/12_2_provaDicembre_A_lento/12_2_provaDicembre_A_lento.srcs/sources_1/imports/new/contatore_mod_8.vhd:18]
	Parameter m bound to: 8 - type: integer 
	Parameter n bound to: 3 - type: integer 
INFO: [Synth 8-256] done synthesizing module 'counter' (0#1) [D:/esercizio_12/12_2_provaDicembre_A_lento/12_2_provaDicembre_A_lento.srcs/sources_1/imports/new/contatore_mod_8.vhd:18]
INFO: [Synth 8-256] done synthesizing module 'sistema_a' (0#1) [D:/esercizio_12/12_2_provaDicembre_A_lento/12_2_provaDicembre_A_lento.srcs/sources_1/imports/new/sistema_a.vhd:22]
INFO: [Synth 8-3491] module 'sistema_b' declared at 'D:/esercizio_12/12_2_provaDicembre_A_lento/12_2_provaDicembre_A_lento.srcs/sources_1/imports/new/sistema_b.vhd:13' bound to instance 'inst_SISTEMA_B' of component 'sistema_b' [D:/esercizio_12/12_2_provaDicembre_A_lento/12_2_provaDicembre_A_lento.srcs/sources_1/imports/new/sistema_complessivo.vhd:57]
INFO: [Synth 8-638] synthesizing module 'sistema_b' [D:/esercizio_12/12_2_provaDicembre_A_lento/12_2_provaDicembre_A_lento.srcs/sources_1/imports/new/sistema_b.vhd:23]
INFO: [Synth 8-3491] module 'unita_controllo_B' declared at 'D:/esercizio_12/12_2_provaDicembre_A_lento/12_2_provaDicembre_A_lento.srcs/sources_1/imports/new/unita_controllo_B.vhd:5' bound to instance 'CU' of component 'unita_controllo_b' [D:/esercizio_12/12_2_provaDicembre_A_lento/12_2_provaDicembre_A_lento.srcs/sources_1/imports/new/sistema_b.vhd:84]
INFO: [Synth 8-638] synthesizing module 'unita_controllo_B' [D:/esercizio_12/12_2_provaDicembre_A_lento/12_2_provaDicembre_A_lento.srcs/sources_1/imports/new/unita_controllo_B.vhd:19]
WARNING: [Synth 8-614] signal 'count' is read in the process but is not in the sensitivity list [D:/esercizio_12/12_2_provaDicembre_A_lento/12_2_provaDicembre_A_lento.srcs/sources_1/imports/new/unita_controllo_B.vhd:35]
INFO: [Synth 8-256] done synthesizing module 'unita_controllo_B' (0#1) [D:/esercizio_12/12_2_provaDicembre_A_lento/12_2_provaDicembre_A_lento.srcs/sources_1/imports/new/unita_controllo_B.vhd:19]
INFO: [Synth 8-3491] module 'registro' declared at 'D:/esercizio_12/12_2_provaDicembre_A_lento/12_2_provaDicembre_A_lento.srcs/sources_1/imports/new/registro.vhd:5' bound to instance 'REGISTRO_R' of component 'registro' [D:/esercizio_12/12_2_provaDicembre_A_lento/12_2_provaDicembre_A_lento.srcs/sources_1/imports/new/sistema_b.vhd:96]
INFO: [Synth 8-638] synthesizing module 'registro' [D:/esercizio_12/12_2_provaDicembre_A_lento/12_2_provaDicembre_A_lento.srcs/sources_1/imports/new/registro.vhd:15]
INFO: [Synth 8-256] done synthesizing module 'registro' (0#1) [D:/esercizio_12/12_2_provaDicembre_A_lento/12_2_provaDicembre_A_lento.srcs/sources_1/imports/new/registro.vhd:15]
INFO: [Synth 8-3491] module 'registro' declared at 'D:/esercizio_12/12_2_provaDicembre_A_lento/12_2_provaDicembre_A_lento.srcs/sources_1/imports/new/registro.vhd:5' bound to instance 'ACCUMULATORE' of component 'registro' [D:/esercizio_12/12_2_provaDicembre_A_lento/12_2_provaDicembre_A_lento.srcs/sources_1/imports/new/sistema_b.vhd:105]
	Parameter m bound to: 8 - type: integer 
	Parameter n bound to: 3 - type: integer 
INFO: [Synth 8-3491] module 'counter' declared at 'D:/esercizio_12/12_2_provaDicembre_A_lento/12_2_provaDicembre_A_lento.srcs/sources_1/imports/new/contatore_mod_8.vhd:5' bound to instance 'CNT_MOD_8' of component 'counter' [D:/esercizio_12/12_2_provaDicembre_A_lento/12_2_provaDicembre_A_lento.srcs/sources_1/imports/new/sistema_b.vhd:114]
	Parameter N bound to: 4 - type: integer 
INFO: [Synth 8-3491] module 'carry_lookahead_adder' declared at 'D:/esercizio_12/12_2_provaDicembre_A_lento/12_2_provaDicembre_A_lento.srcs/sources_1/imports/new/sommatore.vhd:5' bound to instance 'ADDER' of component 'carry_lookahead_adder' [D:/esercizio_12/12_2_provaDicembre_A_lento/12_2_provaDicembre_A_lento.srcs/sources_1/imports/new/sistema_b.vhd:126]
INFO: [Synth 8-638] synthesizing module 'carry_lookahead_adder' [D:/esercizio_12/12_2_provaDicembre_A_lento/12_2_provaDicembre_A_lento.srcs/sources_1/imports/new/sommatore.vhd:16]
	Parameter N bound to: 4 - type: integer 
INFO: [Synth 8-256] done synthesizing module 'carry_lookahead_adder' (0#1) [D:/esercizio_12/12_2_provaDicembre_A_lento/12_2_provaDicembre_A_lento.srcs/sources_1/imports/new/sommatore.vhd:16]
INFO: [Synth 8-256] done synthesizing module 'sistema_b' (0#1) [D:/esercizio_12/12_2_provaDicembre_A_lento/12_2_provaDicembre_A_lento.srcs/sources_1/imports/new/sistema_b.vhd:23]
INFO: [Synth 8-256] done synthesizing module 'sistema_complessivo' (0#1) [D:/esercizio_12/12_2_provaDicembre_A_lento/12_2_provaDicembre_A_lento.srcs/sources_1/imports/new/sistema_complessivo.vhd:14]
WARNING: [Synth 8-7129] Port address[2] in module ROM is either unconnected or has no load
WARNING: [Synth 8-7129] Port address[1] in module ROM is either unconnected or has no load
WARNING: [Synth 8-7129] Port address[0] in module ROM is either unconnected or has no load
---------------------------------------------------------------------------------
Finished Synthesize : Time (s): cpu = 00:00:09 ; elapsed = 00:00:17 . Memory (MB): peak = 1475.129 ; gain = 516.660
---------------------------------------------------------------------------------
---------------------------------------------------------------------------------
Finished Constraint Validation : Time (s): cpu = 00:00:10 ; elapsed = 00:00:18 . Memory (MB): peak = 1475.129 ; gain = 516.660
---------------------------------------------------------------------------------
---------------------------------------------------------------------------------
Start Loading Part and Timing Information
---------------------------------------------------------------------------------
Loading part: xc7a100tcsg324-1
---------------------------------------------------------------------------------
INFO: [Device 21-403] Loading part xc7a100tcsg324-1
Finished Loading Part and Timing Information : Time (s): cpu = 00:00:10 ; elapsed = 00:00:18 . Memory (MB): peak = 1475.129 ; gain = 516.660
---------------------------------------------------------------------------------
INFO: [Synth 8-802] inferred FSM for state register 'current_state_reg' in module 'unita_controllo_a'
INFO: [Synth 8-802] inferred FSM for state register 'current_state_reg' in module 'unita_controllo_B'
WARNING: [Synth 8-327] inferring latch for variable 'FSM_sequential_next_state_reg' [D:/esercizio_12/12_2_provaDicembre_A_lento/12_2_provaDicembre_A_lento.srcs/sources_1/imports/new/unita_controllo_A.vhd:32]
WARNING: [Synth 8-327] inferring latch for variable 'FSM_onehot_next_state_reg' [D:/esercizio_12/12_2_provaDicembre_A_lento/12_2_provaDicembre_A_lento.srcs/sources_1/imports/new/unita_controllo_A.vhd:32]
---------------------------------------------------------------------------------------------------
                   State |                     New Encoding |                Previous Encoding 
---------------------------------------------------------------------------------------------------
                    idle |                            00001 |                              000
                    load |                            00010 |                              001
                send_req |                            00100 |                              010
                    done |                            01000 |                              011
                incr_cnt |                            10000 |                              100
---------------------------------------------------------------------------------------------------
INFO: [Synth 8-3354] encoded FSM with state register 'current_state_reg' using encoding 'one-hot' in module 'unita_controllo_a'
WARNING: [Synth 8-327] inferring latch for variable 'FSM_onehot_next_state_reg' [D:/esercizio_12/12_2_provaDicembre_A_lento/12_2_provaDicembre_A_lento.srcs/sources_1/imports/new/unita_controllo_A.vhd:32]
---------------------------------------------------------------------------------------------------
                   State |                     New Encoding |                Previous Encoding 
---------------------------------------------------------------------------------------------------
                    idle |                            00001 |                              000
                send_ack |                            00010 |                              001
                    done |                            00100 |                              010
                incr_cnt |                            01000 |                              011
                   write |                            10000 |                              100
---------------------------------------------------------------------------------------------------
INFO: [Synth 8-3354] encoded FSM with state register 'current_state_reg' using encoding 'one-hot' in module 'unita_controllo_B'
---------------------------------------------------------------------------------
Finished RTL Optimization Phase 2 : Time (s): cpu = 00:00:10 ; elapsed = 00:00:19 . Memory (MB): peak = 1475.129 ; gain = 516.660
---------------------------------------------------------------------------------
No constraint files found.
---------------------------------------------------------------------------------
Start RTL Component Statistics 
---------------------------------------------------------------------------------
Detailed RTL Component Info : 
+---Adders : 
	   2 Input    3 Bit       Adders := 2     
+---XORs : 
	   2 Input      4 Bit         XORs := 2     
+---Registers : 
	                4 Bit    Registers := 3     
	                3 Bit    Registers := 2     
+---Muxes : 
	   5 Input    5 Bit        Muxes := 2     
	   2 Input    5 Bit        Muxes := 6     
	   5 Input    3 Bit        Muxes := 1     
	   2 Input    3 Bit        Muxes := 2     
	   5 Input    1 Bit        Muxes := 3     
	   2 Input    1 Bit        Muxes := 2     
---------------------------------------------------------------------------------
Finished RTL Component Statistics 
---------------------------------------------------------------------------------
---------------------------------------------------------------------------------
Start Part Resource Summary
---------------------------------------------------------------------------------
Part Resources:
DSPs: 240 (col length:80)
BRAMs: 270 (col length: RAMB18 80 RAMB36 40)
---------------------------------------------------------------------------------
Finished Part Resource Summary
---------------------------------------------------------------------------------
No constraint files found.
---------------------------------------------------------------------------------
Start Cross Boundary and Area Optimization
---------------------------------------------------------------------------------
WARNING: [Synth 8-7080] Parallel synthesis criteria is not met
---------------------------------------------------------------------------------
Finished Cross Boundary and Area Optimization : Time (s): cpu = 00:00:14 ; elapsed = 00:00:43 . Memory (MB): peak = 1683.449 ; gain = 724.980
---------------------------------------------------------------------------------
No constraint files found.
---------------------------------------------------------------------------------
Start Timing Optimization
---------------------------------------------------------------------------------
---------------------------------------------------------------------------------
Finished Timing Optimization : Time (s): cpu = 00:00:15 ; elapsed = 00:00:43 . Memory (MB): peak = 1683.449 ; gain = 724.980
---------------------------------------------------------------------------------
---------------------------------------------------------------------------------
Start Technology Mapping
---------------------------------------------------------------------------------
---------------------------------------------------------------------------------
Finished Technology Mapping : Time (s): cpu = 00:00:15 ; elapsed = 00:00:43 . Memory (MB): peak = 1683.449 ; gain = 724.980
---------------------------------------------------------------------------------
---------------------------------------------------------------------------------
Start IO Insertion
---------------------------------------------------------------------------------
---------------------------------------------------------------------------------
Start Flattening Before IO Insertion
---------------------------------------------------------------------------------
---------------------------------------------------------------------------------
Finished Flattening Before IO Insertion
---------------------------------------------------------------------------------
---------------------------------------------------------------------------------
Start Final Netlist Cleanup
---------------------------------------------------------------------------------
---------------------------------------------------------------------------------
Finished Final Netlist Cleanup
---------------------------------------------------------------------------------
---------------------------------------------------------------------------------
Finished IO Insertion : Time (s): cpu = 00:00:21 ; elapsed = 00:00:51 . Memory (MB): peak = 1683.449 ; gain = 724.980
---------------------------------------------------------------------------------
---------------------------------------------------------------------------------
Start Renaming Generated Instances
---------------------------------------------------------------------------------
---------------------------------------------------------------------------------
Finished Renaming Generated Instances : Time (s): cpu = 00:00:21 ; elapsed = 00:00:51 . Memory (MB): peak = 1683.449 ; gain = 724.980
---------------------------------------------------------------------------------
---------------------------------------------------------------------------------
Start Rebuilding User Hierarchy
---------------------------------------------------------------------------------
---------------------------------------------------------------------------------
Finished Rebuilding User Hierarchy : Time (s): cpu = 00:00:21 ; elapsed = 00:00:51 . Memory (MB): peak = 1683.449 ; gain = 724.980
---------------------------------------------------------------------------------
---------------------------------------------------------------------------------
Start Renaming Generated Ports
---------------------------------------------------------------------------------
---------------------------------------------------------------------------------
Finished Renaming Generated Ports : Time (s): cpu = 00:00:21 ; elapsed = 00:00:51 . Memory (MB): peak = 1683.449 ; gain = 724.980
---------------------------------------------------------------------------------
---------------------------------------------------------------------------------
Start Handling Custom Attributes
---------------------------------------------------------------------------------
---------------------------------------------------------------------------------
Finished Handling Custom Attributes : Time (s): cpu = 00:00:21 ; elapsed = 00:00:51 . Memory (MB): peak = 1683.449 ; gain = 724.980
---------------------------------------------------------------------------------
---------------------------------------------------------------------------------
Start Renaming Generated Nets
---------------------------------------------------------------------------------
---------------------------------------------------------------------------------
Finished Renaming Generated Nets : Time (s): cpu = 00:00:21 ; elapsed = 00:00:51 . Memory (MB): peak = 1683.449 ; gain = 724.980
---------------------------------------------------------------------------------
---------------------------------------------------------------------------------
Start Writing Synthesis Report
---------------------------------------------------------------------------------

Report BlackBoxes: 
+-+--------------+----------+
| |BlackBox name |Instances |
+-+--------------+----------+
+-+--------------+----------+

Report Cell Usage: 
+------+-----+------+
|      |Cell |Count |
+------+-----+------+
|1     |BUFG |     2|
|2     |LUT1 |     1|
|3     |LUT2 |     3|
|4     |LUT3 |     7|
|5     |LUT4 |     5|
|6     |LUT5 |     4|
|7     |LUT6 |     1|
|8     |FDCE |     8|
|9     |FDPE |     2|
|10    |FDRE |    14|
|11    |LD   |     5|
|12    |IBUF |     4|
|13    |OBUF |     4|
+------+-----+------+

Report Instance Areas: 
+------+-----------------+----------------------+------+
|      |Instance         |Module                |Cells |
+------+-----------------+----------------------+------+
|1     |top              |                      |    60|
|2     |  inst_SISTEMA_A |sistema_a             |    22|
|3     |    CNT_MOD_8    |counter_1             |     8|
|4     |    CU           |unita_controllo_a     |    14|
|5     |  inst_SISTEMA_B |sistema_b             |    28|
|6     |    ACCUMULATORE |registro              |     5|
|7     |    ADDER        |carry_lookahead_adder |     3|
|8     |    CNT_MOD_8    |counter               |     8|
|9     |    CU           |unita_controllo_B     |     8|
|10    |    REGISTRO_R   |registro_0            |     4|
+------+-----------------+----------------------+------+
---------------------------------------------------------------------------------
Finished Writing Synthesis Report : Time (s): cpu = 00:00:21 ; elapsed = 00:00:51 . Memory (MB): peak = 1683.449 ; gain = 724.980
---------------------------------------------------------------------------------
Synthesis finished with 0 errors, 0 critical warnings and 9 warnings.
Synthesis Optimization Runtime : Time (s): cpu = 00:00:21 ; elapsed = 00:00:51 . Memory (MB): peak = 1683.449 ; gain = 724.980
Synthesis Optimization Complete : Time (s): cpu = 00:00:21 ; elapsed = 00:00:51 . Memory (MB): peak = 1683.449 ; gain = 724.980
INFO: [Project 1-571] Translating synthesized netlist
Netlist sorting complete. Time (s): cpu = 00:00:00 ; elapsed = 00:00:00.066 . Memory (MB): peak = 1693.230 ; gain = 0.000
INFO: [Netlist 29-17] Analyzing 5 Unisim elements for replacement
INFO: [Netlist 29-28] Unisim Transformation completed in 0 CPU seconds
INFO: [Project 1-570] Preparing netlist for logic optimization
INFO: [Opt 31-138] Pushed 0 inverter(s) to 0 load pin(s).
Netlist sorting complete. Time (s): cpu = 00:00:00 ; elapsed = 00:00:00 . Memory (MB): peak = 1787.605 ; gain = 0.000
INFO: [Project 1-111] Unisim Transformation Summary:
  A total of 5 instances were transformed.
  LD => LDCE: 5 instances

Impossibile trovare il percorso specificato.
Synth Design complete | Checksum: 265f83ab
INFO: [Common 17-83] Releasing license: Synthesis
48 Infos, 10 Warnings, 0 Critical Warnings and 0 Errors encountered.
synth_design completed successfully
synth_design: Time (s): cpu = 00:00:22 ; elapsed = 00:01:12 . Memory (MB): peak = 1787.605 ; gain = 836.309
Write ShapeDB Complete: Time (s): cpu = 00:00:00 ; elapsed = 00:00:00.383 . Memory (MB): peak = 1787.605 ; gain = 0.000
INFO: [Common 17-1381] The checkpoint 'D:/esercizio_12/12_2_provaDicembre_A_lento/12_2_provaDicembre_A_lento.runs/synth_1/sistema_complessivo.dcp' has been generated.
INFO: [runtcl-4] Executing : report_utilization -file sistema_complessivo_utilization_synth.rpt -pb sistema_complessivo_utilization_synth.pb
INFO: [Common 17-206] Exiting Vivado at Fri Mar 28 12:49:37 2025...
