
*** Running vivado
    with args -log B.vds -m64 -product Vivado -mode batch -messageDb vivado.pb -notrace -source B.tcl


ECHO disattivato.
ECHO disattivato.

****** Vivado v2023.2 (64-bit)
  **** SW Build 4029153 on Fri Oct 13 20:14:34 MDT 2023
  **** IP Build 4028589 on Sat Oct 14 00:45:43 MDT 2023
  **** SharedData Build 4025554 on Tue Oct 10 17:18:54 MDT 2023
    ** Copyright 1986-2022 Xilinx, Inc. All Rights Reserved.
    ** Copyright 2022-2023 Advanced Micro Devices, Inc. All Rights Reserved.

source B.tcl -notrace
create_project: Time (s): cpu = 00:00:10 ; elapsed = 00:00:12 . Memory (MB): peak = 514.230 ; gain = 224.441
Command: read_checkpoint -auto_incremental -incremental D:/ASDI/Rifai_es/tesina/dicembre19_2024/dicembre19_2024.srcs/utils_1/imports/synth_1/cont_generic.dcp
INFO: [Vivado 12-5825] Read reference checkpoint from D:/ASDI/Rifai_es/tesina/dicembre19_2024/dicembre19_2024.srcs/utils_1/imports/synth_1/cont_generic.dcp for incremental synthesis
INFO: [Vivado 12-7989] Please ensure there are no constraint changes
Command: synth_design -top B -part xc7k70tfbv676-1
Starting synth_design
Attempting to get a license for feature 'Synthesis' and/or device 'xc7k70t'
INFO: [Common 17-349] Got license for feature 'Synthesis' and/or device 'xc7k70t'
INFO: [Designutils 20-5440] No compile time benefit to using incremental synthesis; A full resynthesis will be run
INFO: [Designutils 20-4379] Flow is switching to default flow due to incremental criteria not met. If you would like to alter this behaviour and have the flow terminate instead, please set the following parameter config_implementation {autoIncr.Synth.RejectBehavior Terminate}
INFO: [Synth 8-7079] Multithreading enabled for synth_design using a maximum of 2 processes.
INFO: [Synth 8-7078] Launching helper process for spawning children vivado processes
INFO: [Synth 8-7075] Helper process launched with PID 18832
---------------------------------------------------------------------------------
Starting Synthesize : Time (s): cpu = 00:00:07 ; elapsed = 00:00:08 . Memory (MB): peak = 958.973 ; gain = 435.367
---------------------------------------------------------------------------------
INFO: [Synth 8-638] synthesizing module 'B' [D:/ASDI/Rifai_es/tesina/dicembre19_2024/dicembre19_2024.srcs/sources_1/new/B.vhd:46]
INFO: [Synth 8-3491] module 'cunitB' declared at 'D:/ASDI/Rifai_es/tesina/dicembre19_2024/dicembre19_2024.srcs/sources_1/new/cunitB.vhd:6' bound to instance 'UCB' of component 'cunitB' [D:/ASDI/Rifai_es/tesina/dicembre19_2024/dicembre19_2024.srcs/sources_1/new/B.vhd:87]
INFO: [Synth 8-638] synthesizing module 'cunitB' [D:/ASDI/Rifai_es/tesina/dicembre19_2024/dicembre19_2024.srcs/sources_1/new/cunitB.vhd:18]
WARNING: [Synth 8-614] signal 'reset' is read in the process but is not in the sensitivity list [D:/ASDI/Rifai_es/tesina/dicembre19_2024/dicembre19_2024.srcs/sources_1/new/cunitB.vhd:26]
INFO: [Synth 8-256] done synthesizing module 'cunitB' (0#1) [D:/ASDI/Rifai_es/tesina/dicembre19_2024/dicembre19_2024.srcs/sources_1/new/cunitB.vhd:18]
INFO: [Synth 8-3491] module 'registro' declared at 'D:/ASDI/Rifai_es/tesina/dicembre19_2024/dicembre19_2024.srcs/sources_1/new/registro.vhd:4' bound to instance 'reg' of component 'registro' [D:/ASDI/Rifai_es/tesina/dicembre19_2024/dicembre19_2024.srcs/sources_1/new/B.vhd:97]
INFO: [Synth 8-638] synthesizing module 'registro' [D:/ASDI/Rifai_es/tesina/dicembre19_2024/dicembre19_2024.srcs/sources_1/new/registro.vhd:14]
INFO: [Synth 8-256] done synthesizing module 'registro' (0#1) [D:/ASDI/Rifai_es/tesina/dicembre19_2024/dicembre19_2024.srcs/sources_1/new/registro.vhd:14]
INFO: [Synth 8-3491] module 'adderCLA' declared at 'D:/ASDI/Rifai_es/tesina/dicembre19_2024/dicembre19_2024.srcs/sources_1/new/adderCLA.vhd:4' bound to instance 'sommatore' of component 'adderCLA' [D:/ASDI/Rifai_es/tesina/dicembre19_2024/dicembre19_2024.srcs/sources_1/new/B.vhd:107]
INFO: [Synth 8-638] synthesizing module 'adderCLA' [D:/ASDI/Rifai_es/tesina/dicembre19_2024/dicembre19_2024.srcs/sources_1/new/adderCLA.vhd:15]
WARNING: [Synth 8-614] signal 'C4' is read in the process but is not in the sensitivity list [D:/ASDI/Rifai_es/tesina/dicembre19_2024/dicembre19_2024.srcs/sources_1/new/adderCLA.vhd:32]
INFO: [Synth 8-256] done synthesizing module 'adderCLA' (0#1) [D:/ASDI/Rifai_es/tesina/dicembre19_2024/dicembre19_2024.srcs/sources_1/new/adderCLA.vhd:15]
INFO: [Synth 8-3491] module 'registro' declared at 'D:/ASDI/Rifai_es/tesina/dicembre19_2024/dicembre19_2024.srcs/sources_1/new/registro.vhd:4' bound to instance 'reg2' of component 'registro' [D:/ASDI/Rifai_es/tesina/dicembre19_2024/dicembre19_2024.srcs/sources_1/new/B.vhd:116]
INFO: [Synth 8-256] done synthesizing module 'B' (0#1) [D:/ASDI/Rifai_es/tesina/dicembre19_2024/dicembre19_2024.srcs/sources_1/new/B.vhd:46]
---------------------------------------------------------------------------------
Finished Synthesize : Time (s): cpu = 00:00:09 ; elapsed = 00:00:11 . Memory (MB): peak = 1066.582 ; gain = 542.977
---------------------------------------------------------------------------------
---------------------------------------------------------------------------------
Finished Constraint Validation : Time (s): cpu = 00:00:10 ; elapsed = 00:00:12 . Memory (MB): peak = 1066.582 ; gain = 542.977
---------------------------------------------------------------------------------
---------------------------------------------------------------------------------
Start Loading Part and Timing Information
---------------------------------------------------------------------------------
Loading part: xc7k70tfbv676-1
---------------------------------------------------------------------------------
Finished Loading Part and Timing Information : Time (s): cpu = 00:00:10 ; elapsed = 00:00:12 . Memory (MB): peak = 1066.582 ; gain = 542.977
---------------------------------------------------------------------------------
INFO: [Device 21-403] Loading part xc7k70tfbv676-1
INFO: [Synth 8-802] inferred FSM for state register 'state_curr_reg' in module 'cunitB'
---------------------------------------------------------------------------------------------------
                   State |                     New Encoding |                Previous Encoding 
---------------------------------------------------------------------------------------------------
              wait_req_1 |                           000001 |                              001
                 set_ack |                           000010 |                              010
              wait_req_0 |                           000100 |                              000
                 low_ack |                           001000 |                              011
                     sum |                           010000 |                              100
                  ok_sum |                           100000 |                              101
---------------------------------------------------------------------------------------------------
INFO: [Synth 8-3354] encoded FSM with state register 'state_curr_reg' using encoding 'one-hot' in module 'cunitB'
---------------------------------------------------------------------------------
Finished RTL Optimization Phase 2 : Time (s): cpu = 00:00:10 ; elapsed = 00:00:12 . Memory (MB): peak = 1066.582 ; gain = 542.977
---------------------------------------------------------------------------------
No constraint files found.
---------------------------------------------------------------------------------
Start RTL Component Statistics 
---------------------------------------------------------------------------------
Detailed RTL Component Info : 
+---XORs : 
	   2 Input      4 Bit         XORs := 2     
+---Registers : 
	                4 Bit    Registers := 2     
	                1 Bit    Registers := 3     
+---Muxes : 
	   6 Input    6 Bit        Muxes := 1     
	   2 Input    6 Bit        Muxes := 2     
	   2 Input    4 Bit        Muxes := 1     
	   6 Input    1 Bit        Muxes := 3     
---------------------------------------------------------------------------------
Finished RTL Component Statistics 
---------------------------------------------------------------------------------
---------------------------------------------------------------------------------
Start Part Resource Summary
---------------------------------------------------------------------------------
Part Resources:
DSPs: 240 (col length:80)
BRAMs: 270 (col length: RAMB18 80 RAMB36 40)
---------------------------------------------------------------------------------
Finished Part Resource Summary
---------------------------------------------------------------------------------
No constraint files found.
---------------------------------------------------------------------------------
Start Cross Boundary and Area Optimization
---------------------------------------------------------------------------------
WARNING: [Synth 8-7080] Parallel synthesis criteria is not met
---------------------------------------------------------------------------------
Finished Cross Boundary and Area Optimization : Time (s): cpu = 00:00:16 ; elapsed = 00:00:20 . Memory (MB): peak = 1252.004 ; gain = 728.398
---------------------------------------------------------------------------------
No constraint files found.
---------------------------------------------------------------------------------
Start Timing Optimization
---------------------------------------------------------------------------------
---------------------------------------------------------------------------------
Finished Timing Optimization : Time (s): cpu = 00:00:16 ; elapsed = 00:00:20 . Memory (MB): peak = 1252.004 ; gain = 728.398
---------------------------------------------------------------------------------
---------------------------------------------------------------------------------
Start Technology Mapping
---------------------------------------------------------------------------------
---------------------------------------------------------------------------------
Finished Technology Mapping : Time (s): cpu = 00:00:16 ; elapsed = 00:00:20 . Memory (MB): peak = 1252.004 ; gain = 728.398
---------------------------------------------------------------------------------
---------------------------------------------------------------------------------
Start IO Insertion
---------------------------------------------------------------------------------
---------------------------------------------------------------------------------
Start Flattening Before IO Insertion
---------------------------------------------------------------------------------
---------------------------------------------------------------------------------
Finished Flattening Before IO Insertion
---------------------------------------------------------------------------------
---------------------------------------------------------------------------------
Start Final Netlist Cleanup
---------------------------------------------------------------------------------
---------------------------------------------------------------------------------
Finished Final Netlist Cleanup
---------------------------------------------------------------------------------
---------------------------------------------------------------------------------
Finished IO Insertion : Time (s): cpu = 00:00:23 ; elapsed = 00:00:27 . Memory (MB): peak = 1252.004 ; gain = 728.398
---------------------------------------------------------------------------------
---------------------------------------------------------------------------------
Start Renaming Generated Instances
---------------------------------------------------------------------------------
---------------------------------------------------------------------------------
Finished Renaming Generated Instances : Time (s): cpu = 00:00:23 ; elapsed = 00:00:27 . Memory (MB): peak = 1252.004 ; gain = 728.398
---------------------------------------------------------------------------------
---------------------------------------------------------------------------------
Start Rebuilding User Hierarchy
---------------------------------------------------------------------------------
---------------------------------------------------------------------------------
Finished Rebuilding User Hierarchy : Time (s): cpu = 00:00:23 ; elapsed = 00:00:27 . Memory (MB): peak = 1252.004 ; gain = 728.398
---------------------------------------------------------------------------------
---------------------------------------------------------------------------------
Start Renaming Generated Ports
---------------------------------------------------------------------------------
---------------------------------------------------------------------------------
Finished Renaming Generated Ports : Time (s): cpu = 00:00:23 ; elapsed = 00:00:27 . Memory (MB): peak = 1252.004 ; gain = 728.398
---------------------------------------------------------------------------------
---------------------------------------------------------------------------------
Start Handling Custom Attributes
---------------------------------------------------------------------------------
---------------------------------------------------------------------------------
Finished Handling Custom Attributes : Time (s): cpu = 00:00:23 ; elapsed = 00:00:27 . Memory (MB): peak = 1252.004 ; gain = 728.398
---------------------------------------------------------------------------------
---------------------------------------------------------------------------------
Start Renaming Generated Nets
---------------------------------------------------------------------------------
---------------------------------------------------------------------------------
Finished Renaming Generated Nets : Time (s): cpu = 00:00:23 ; elapsed = 00:00:27 . Memory (MB): peak = 1252.004 ; gain = 728.398
---------------------------------------------------------------------------------
---------------------------------------------------------------------------------
Start Writing Synthesis Report
---------------------------------------------------------------------------------

Report BlackBoxes: 
+-+--------------+----------+
| |BlackBox name |Instances |
+-+--------------+----------+
+-+--------------+----------+

Report Cell Usage: 
+------+-----+------+
|      |Cell |Count |
+------+-----+------+
|1     |BUFG |     1|
|2     |LUT2 |     3|
|3     |LUT3 |     5|
|4     |LUT4 |     2|
|5     |LUT5 |     1|
|6     |LUT6 |     1|
|7     |FDCE |     8|
|8     |FDPE |     1|
|9     |FDRE |     4|
|10    |IBUF |     7|
|11    |OBUF |     5|
+------+-----+------+

Report Instance Areas: 
+------+---------+---------+------+
|      |Instance |Module   |Cells |
+------+---------+---------+------+
|1     |top      |         |    38|
|2     |  UCB    |cunitB   |    17|
|3     |  reg2   |registro |     8|
+------+---------+---------+------+
---------------------------------------------------------------------------------
Finished Writing Synthesis Report : Time (s): cpu = 00:00:23 ; elapsed = 00:00:27 . Memory (MB): peak = 1252.004 ; gain = 728.398
---------------------------------------------------------------------------------
Synthesis finished with 0 errors, 0 critical warnings and 3 warnings.
Synthesis Optimization Runtime : Time (s): cpu = 00:00:23 ; elapsed = 00:00:27 . Memory (MB): peak = 1252.004 ; gain = 728.398
Synthesis Optimization Complete : Time (s): cpu = 00:00:23 ; elapsed = 00:00:27 . Memory (MB): peak = 1252.004 ; gain = 728.398
INFO: [Project 1-571] Translating synthesized netlist
Netlist sorting complete. Time (s): cpu = 00:00:00 ; elapsed = 00:00:00.001 . Memory (MB): peak = 1261.789 ; gain = 0.000
INFO: [Project 1-570] Preparing netlist for logic optimization
INFO: [Opt 31-138] Pushed 0 inverter(s) to 0 load pin(s).
Netlist sorting complete. Time (s): cpu = 00:00:00 ; elapsed = 00:00:00 . Memory (MB): peak = 1353.527 ; gain = 0.000
INFO: [Project 1-111] Unisim Transformation Summary:
No Unisim elements were transformed.

Impossibile trovare il percorso specificato.
Synth Design complete | Checksum: 3a940225
INFO: [Common 17-83] Releasing license: Synthesis
28 Infos, 3 Warnings, 0 Critical Warnings and 0 Errors encountered.
synth_design completed successfully
synth_design: Time (s): cpu = 00:00:25 ; elapsed = 00:00:30 . Memory (MB): peak = 1353.527 ; gain = 837.344
Write ShapeDB Complete: Time (s): cpu = 00:00:00 ; elapsed = 00:00:00.002 . Memory (MB): peak = 1353.527 ; gain = 0.000
INFO: [Common 17-1381] The checkpoint 'D:/ASDI/Rifai_es/tesina/dicembre19_2024/dicembre19_2024.runs/synth_1/B.dcp' has been generated.
INFO: [runtcl-4] Executing : report_utilization -file B_utilization_synth.rpt -pb B_utilization_synth.pb
INFO: [Common 17-206] Exiting Vivado at Thu Mar 27 17:53:21 2025...
